{"D:\\workspace\\task-time-manager\\server\\index.js": {"path":"D:\\workspace\\task-time-manager\\server\\index.js","statementMap":{"0":{"start":{"line":1,"column":0},"end":{"line":1,"column":27}},"1":{"start":{"line":2,"column":16},"end":{"line":2,"column":34}},"2":{"start":{"line":3,"column":17},"end":{"line":3,"column":36}},"3":{"start":{"line":4,"column":19},"end":{"line":4,"column":41}},"4":{"start":{"line":5,"column":15},"end":{"line":5,"column":40}},"5":{"start":{"line":8,"column":12},"end":{"line":8,"column":21}},"6":{"start":{"line":12,"column":0},"end":{"line":12,"column":27}},"7":{"start":{"line":15,"column":0},"end":{"line":15,"column":21}},"8":{"start":{"line":18,"column":0},"end":{"line":28,"column":36}},"9":{"start":{"line":22,"column":2},"end":{"line":22,"column":35}},"10":{"start":{"line":24,"column":15},"end":{"line":24,"column":39}},"11":{"start":{"line":25,"column":2},"end":{"line":27,"column":5}},"12":{"start":{"line":26,"column":4},"end":{"line":26,"column":50}},"13":{"start":{"line":28,"column":16},"end":{"line":28,"column":34}},"14":{"start":{"line":31,"column":0},"end":{"line":31,"column":21}}},"fnMap":{"0":{"name":"(anonymous_0)","decl":{"start":{"line":21,"column":8},"end":{"line":21,"column":9}},"loc":{"start":{"line":21,"column":14},"end":{"line":28,"column":1}},"line":21},"1":{"name":"(anonymous_1)","decl":{"start":{"line":25,"column":19},"end":{"line":25,"column":20}},"loc":{"start":{"line":25,"column":25},"end":{"line":27,"column":3}},"line":25},"2":{"name":"(anonymous_2)","decl":{"start":{"line":28,"column":9},"end":{"line":28,"column":10}},"loc":{"start":{"line":28,"column":16},"end":{"line":28,"column":34}},"line":28}},"branchMap":{"0":{"loc":{"start":{"line":24,"column":15},"end":{"line":24,"column":39}},"type":"binary-expr","locations":[{"start":{"line":24,"column":15},"end":{"line":24,"column":31}},{"start":{"line":24,"column":35},"end":{"line":24,"column":39}}],"line":24}},"s":{"0":2,"1":2,"2":2,"3":2,"4":2,"5":2,"6":2,"7":2,"8":2,"9":2,"10":2,"11":2,"12":1,"13":0,"14":2},"f":{"0":2,"1":1,"2":0},"b":{"0":[2,0]},"_coverageSchema":"1a1c01bbd47fc00a2c39e90264f33305004495a9","hash":"2cb6928fe266332b27f8863548c17cdb493616be"}
,"D:\\workspace\\task-time-manager\\server\\controllers\\tasksControllers.js": {"path":"D:\\workspace\\task-time-manager\\server\\controllers\\tasksControllers.js","statementMap":{"0":{"start":{"line":1,"column":12},"end":{"line":1,"column":35}},"1":{"start":{"line":2,"column":13},"end":{"line":2,"column":39}},"2":{"start":{"line":5,"column":0},"end":{"line":59,"column":2}},"3":{"start":{"line":6,"column":4},"end":{"line":58,"column":5}},"4":{"start":{"line":7,"column":85},"end":{"line":7,"column":93}},"5":{"start":{"line":10,"column":22},"end":{"line":10,"column":61}},"6":{"start":{"line":11,"column":24},"end":{"line":11,"column":74}},"7":{"start":{"line":12,"column":23},"end":{"line":12,"column":37}},"8":{"start":{"line":15,"column":8},"end":{"line":17,"column":9}},"9":{"start":{"line":16,"column":12},"end":{"line":16,"column":74}},"10":{"start":{"line":18,"column":8},"end":{"line":20,"column":9}},"11":{"start":{"line":19,"column":12},"end":{"line":19,"column":105}},"12":{"start":{"line":23,"column":8},"end":{"line":25,"column":9}},"13":{"start":{"line":24,"column":12},"end":{"line":24,"column":77}},"14":{"start":{"line":26,"column":30},"end":{"line":26,"column":47}},"15":{"start":{"line":27,"column":8},"end":{"line":29,"column":9}},"16":{"start":{"line":28,"column":12},"end":{"line":28,"column":76}},"17":{"start":{"line":30,"column":8},"end":{"line":32,"column":9}},"18":{"start":{"line":31,"column":12},"end":{"line":31,"column":87}},"19":{"start":{"line":35,"column":8},"end":{"line":37,"column":9}},"20":{"start":{"line":36,"column":12},"end":{"line":36,"column":73}},"21":{"start":{"line":40,"column":21},"end":{"line":49,"column":10}},"22":{"start":{"line":51,"column":8},"end":{"line":51,"column":26}},"23":{"start":{"line":52,"column":8},"end":{"line":55,"column":11}},"24":{"start":{"line":57,"column":8},"end":{"line":57,"column":80}},"25":{"start":{"line":62,"column":0},"end":{"line":70,"column":1}},"26":{"start":{"line":63,"column":4},"end":{"line":69,"column":5}},"27":{"start":{"line":64,"column":22},"end":{"line":64,"column":60}},"28":{"start":{"line":65,"column":8},"end":{"line":65,"column":43}},"29":{"start":{"line":68,"column":8},"end":{"line":68,"column":80}},"30":{"start":{"line":73,"column":0},"end":{"line":84,"column":1}},"31":{"start":{"line":74,"column":4},"end":{"line":83,"column":5}},"32":{"start":{"line":75,"column":19},"end":{"line":75,"column":36}},"33":{"start":{"line":76,"column":21},"end":{"line":76,"column":44}},"34":{"start":{"line":78,"column":8},"end":{"line":78,"column":75}},"35":{"start":{"line":78,"column":18},"end":{"line":78,"column":75}},"36":{"start":{"line":79,"column":8},"end":{"line":79,"column":50}},"37":{"start":{"line":82,"column":8},"end":{"line":82,"column":80}},"38":{"start":{"line":87,"column":0},"end":{"line":123,"column":1}},"39":{"start":{"line":88,"column":4},"end":{"line":122,"column":5}},"40":{"start":{"line":89,"column":20},"end":{"line":89,"column":37}},"41":{"start":{"line":90,"column":74},"end":{"line":90,"column":82}},"42":{"start":{"line":93,"column":22},"end":{"line":93,"column":61}},"43":{"start":{"line":94,"column":24},"end":{"line":94,"column":74}},"44":{"start":{"line":95,"column":23},"end":{"line":95,"column":37}},"45":{"start":{"line":98,"column":8},"end":{"line":100,"column":9}},"46":{"start":{"line":99,"column":12},"end":{"line":99,"column":74}},"47":{"start":{"line":101,"column":8},"end":{"line":103,"column":9}},"48":{"start":{"line":102,"column":12},"end":{"line":102,"column":105}},"49":{"start":{"line":106,"column":8},"end":{"line":108,"column":9}},"50":{"start":{"line":107,"column":12},"end":{"line":107,"column":87}},"51":{"start":{"line":111,"column":28},"end":{"line":115,"column":9}},"52":{"start":{"line":117,"column":8},"end":{"line":117,"column":82}},"53":{"start":{"line":117,"column":25},"end":{"line":117,"column":82}},"54":{"start":{"line":118,"column":8},"end":{"line":118,"column":88}},"55":{"start":{"line":121,"column":8},"end":{"line":121,"column":80}},"56":{"start":{"line":126,"column":0},"end":{"line":136,"column":1}},"57":{"start":{"line":127,"column":4},"end":{"line":135,"column":5}},"58":{"start":{"line":128,"column":20},"end":{"line":128,"column":37}},"59":{"start":{"line":129,"column":28},"end":{"line":129,"column":60}},"60":{"start":{"line":130,"column":8},"end":{"line":130,"column":82}},"61":{"start":{"line":130,"column":25},"end":{"line":130,"column":82}},"62":{"start":{"line":131,"column":8},"end":{"line":131,"column":71}},"63":{"start":{"line":134,"column":8},"end":{"line":134,"column":80}},"64":{"start":{"line":139,"column":0},"end":{"line":154,"column":1}},"65":{"start":{"line":140,"column":4},"end":{"line":153,"column":5}},"66":{"start":{"line":141,"column":19},"end":{"line":141,"column":36}},"67":{"start":{"line":142,"column":21},"end":{"line":142,"column":44}},"68":{"start":{"line":144,"column":8},"end":{"line":144,"column":75}},"69":{"start":{"line":144,"column":18},"end":{"line":144,"column":75}},"70":{"start":{"line":145,"column":8},"end":{"line":145,"column":98}},"71":{"start":{"line":145,"column":28},"end":{"line":145,"column":98}},"72":{"start":{"line":147,"column":8},"end":{"line":147,"column":28}},"73":{"start":{"line":148,"column":8},"end":{"line":148,"column":26}},"74":{"start":{"line":149,"column":8},"end":{"line":149,"column":81}},"75":{"start":{"line":152,"column":8},"end":{"line":152,"column":80}}},"fnMap":{"0":{"name":"(anonymous_0)","decl":{"start":{"line":5,"column":21},"end":{"line":5,"column":22}},"loc":{"start":{"line":5,"column":41},"end":{"line":59,"column":1}},"line":5},"1":{"name":"(anonymous_1)","decl":{"start":{"line":62,"column":23},"end":{"line":62,"column":24}},"loc":{"start":{"line":62,"column":39},"end":{"line":70,"column":1}},"line":62},"2":{"name":"(anonymous_2)","decl":{"start":{"line":73,"column":22},"end":{"line":73,"column":23}},"loc":{"start":{"line":73,"column":38},"end":{"line":84,"column":1}},"line":73},"3":{"name":"(anonymous_3)","decl":{"start":{"line":87,"column":19},"end":{"line":87,"column":20}},"loc":{"start":{"line":87,"column":35},"end":{"line":123,"column":1}},"line":87},"4":{"name":"(anonymous_4)","decl":{"start":{"line":126,"column":21},"end":{"line":126,"column":22}},"loc":{"start":{"line":126,"column":37},"end":{"line":136,"column":1}},"line":126},"5":{"name":"(anonymous_5)","decl":{"start":{"line":139,"column":27},"end":{"line":139,"column":28}},"loc":{"start":{"line":139,"column":43},"end":{"line":154,"column":1}},"line":139}},"branchMap":{"0":{"loc":{"start":{"line":15,"column":8},"end":{"line":17,"column":9}},"type":"if","locations":[{"start":{"line":15,"column":8},"end":{"line":17,"column":9}},{"start":{},"end":{}}],"line":15},"1":{"loc":{"start":{"line":18,"column":8},"end":{"line":20,"column":9}},"type":"if","locations":[{"start":{"line":18,"column":8},"end":{"line":20,"column":9}},{"start":{},"end":{}}],"line":18},"2":{"loc":{"start":{"line":18,"column":12},"end":{"line":18,"column":49}},"type":"binary-expr","locations":[{"start":{"line":18,"column":12},"end":{"line":18,"column":28}},{"start":{"line":18,"column":32},"end":{"line":18,"column":49}}],"line":18},"3":{"loc":{"start":{"line":23,"column":8},"end":{"line":25,"column":9}},"type":"if","locations":[{"start":{"line":23,"column":8},"end":{"line":25,"column":9}},{"start":{},"end":{}}],"line":23},"4":{"loc":{"start":{"line":27,"column":8},"end":{"line":29,"column":9}},"type":"if","locations":[{"start":{"line":27,"column":8},"end":{"line":29,"column":9}},{"start":{},"end":{}}],"line":27},"5":{"loc":{"start":{"line":30,"column":8},"end":{"line":32,"column":9}},"type":"if","locations":[{"start":{"line":30,"column":8},"end":{"line":32,"column":9}},{"start":{},"end":{}}],"line":30},"6":{"loc":{"start":{"line":35,"column":8},"end":{"line":37,"column":9}},"type":"if","locations":[{"start":{"line":35,"column":8},"end":{"line":37,"column":9}},{"start":{},"end":{}}],"line":35},"7":{"loc":{"start":{"line":47,"column":24},"end":{"line":47,"column":49}},"type":"cond-expr","locations":[{"start":{"line":47,"column":34},"end":{"line":47,"column":43}},{"start":{"line":47,"column":44},"end":{"line":47,"column":49}}],"line":47},"8":{"loc":{"start":{"line":78,"column":8},"end":{"line":78,"column":75}},"type":"if","locations":[{"start":{"line":78,"column":8},"end":{"line":78,"column":75}},{"start":{},"end":{}}],"line":78},"9":{"loc":{"start":{"line":98,"column":8},"end":{"line":100,"column":9}},"type":"if","locations":[{"start":{"line":98,"column":8},"end":{"line":100,"column":9}},{"start":{},"end":{}}],"line":98},"10":{"loc":{"start":{"line":101,"column":8},"end":{"line":103,"column":9}},"type":"if","locations":[{"start":{"line":101,"column":8},"end":{"line":103,"column":9}},{"start":{},"end":{}}],"line":101},"11":{"loc":{"start":{"line":101,"column":12},"end":{"line":101,"column":49}},"type":"binary-expr","locations":[{"start":{"line":101,"column":12},"end":{"line":101,"column":28}},{"start":{"line":101,"column":32},"end":{"line":101,"column":49}}],"line":101},"12":{"loc":{"start":{"line":106,"column":8},"end":{"line":108,"column":9}},"type":"if","locations":[{"start":{"line":106,"column":8},"end":{"line":108,"column":9}},{"start":{},"end":{}}],"line":106},"13":{"loc":{"start":{"line":117,"column":8},"end":{"line":117,"column":82}},"type":"if","locations":[{"start":{"line":117,"column":8},"end":{"line":117,"column":82}},{"start":{},"end":{}}],"line":117},"14":{"loc":{"start":{"line":130,"column":8},"end":{"line":130,"column":82}},"type":"if","locations":[{"start":{"line":130,"column":8},"end":{"line":130,"column":82}},{"start":{},"end":{}}],"line":130},"15":{"loc":{"start":{"line":144,"column":8},"end":{"line":144,"column":75}},"type":"if","locations":[{"start":{"line":144,"column":8},"end":{"line":144,"column":75}},{"start":{},"end":{}}],"line":144},"16":{"loc":{"start":{"line":145,"column":8},"end":{"line":145,"column":98}},"type":"if","locations":[{"start":{"line":145,"column":8},"end":{"line":145,"column":98}},{"start":{},"end":{}}],"line":145}},"s":{"0":2,"1":2,"2":2,"3":7,"4":7,"5":7,"6":7,"7":7,"8":7,"9":1,"10":6,"11":0,"12":6,"13":0,"14":6,"15":6,"16":0,"17":6,"18":1,"19":5,"20":0,"21":5,"22":5,"23":5,"24":0,"25":2,"26":2,"27":2,"28":2,"29":0,"30":2,"31":2,"32":2,"33":2,"34":2,"35":1,"36":1,"37":0,"38":2,"39":2,"40":2,"41":2,"42":2,"43":2,"44":2,"45":2,"46":0,"47":2,"48":0,"49":2,"50":1,"51":1,"52":1,"53":0,"54":1,"55":0,"56":2,"57":3,"58":3,"59":3,"60":3,"61":1,"62":2,"63":0,"64":2,"65":2,"66":2,"67":2,"68":2,"69":0,"70":2,"71":1,"72":1,"73":1,"74":1,"75":0},"f":{"0":7,"1":2,"2":2,"3":2,"4":3,"5":2},"b":{"0":[1,6],"1":[0,6],"2":[6,6],"3":[0,6],"4":[0,6],"5":[1,5],"6":[0,5],"7":[1,4],"8":[1,1],"9":[0,2],"10":[0,2],"11":[2,2],"12":[1,1],"13":[0,1],"14":[1,2],"15":[0,2],"16":[1,1]},"_coverageSchema":"1a1c01bbd47fc00a2c39e90264f33305004495a9","hash":"2aa1a97523dfb1fcd471eef50ee561d78d2d595c"}
,"D:\\workspace\\task-time-manager\\server\\controllers\\usersControllers.js": {"path":"D:\\workspace\\task-time-manager\\server\\controllers\\usersControllers.js","statementMap":{"0":{"start":{"line":1,"column":15},"end":{"line":1,"column":34}},"1":{"start":{"line":2,"column":12},"end":{"line":2,"column":35}},"2":{"start":{"line":3,"column":13},"end":{"line":3,"column":42}},"3":{"start":{"line":6,"column":0},"end":{"line":20,"column":2}},"4":{"start":{"line":7,"column":28},"end":{"line":7,"column":36}},"5":{"start":{"line":8,"column":4},"end":{"line":19,"column":5}},"6":{"start":{"line":9,"column":29},"end":{"line":9,"column":56}},"7":{"start":{"line":10,"column":8},"end":{"line":10,"column":87}},"8":{"start":{"line":10,"column":25},"end":{"line":10,"column":87}},"9":{"start":{"line":12,"column":31},"end":{"line":12,"column":61}},"10":{"start":{"line":13,"column":21},"end":{"line":13,"column":63}},"11":{"start":{"line":14,"column":8},"end":{"line":14,"column":26}},"12":{"start":{"line":15,"column":8},"end":{"line":15,"column":68}},"13":{"start":{"line":18,"column":8},"end":{"line":18,"column":55}},"14":{"start":{"line":23,"column":1},"end":{"line":38,"column":2}},"15":{"start":{"line":24,"column":28},"end":{"line":24,"column":36}},"16":{"start":{"line":25,"column":4},"end":{"line":37,"column":5}},"17":{"start":{"line":26,"column":21},"end":{"line":26,"column":48}},"18":{"start":{"line":27,"column":8},"end":{"line":27,"column":80}},"19":{"start":{"line":27,"column":18},"end":{"line":27,"column":80}},"20":{"start":{"line":29,"column":24},"end":{"line":29,"column":70}},"21":{"start":{"line":30,"column":8},"end":{"line":30,"column":83}},"22":{"start":{"line":30,"column":21},"end":{"line":30,"column":83}},"23":{"start":{"line":32,"column":22},"end":{"line":32,"column":117}},"24":{"start":{"line":33,"column":8},"end":{"line":33,"column":38}},"25":{"start":{"line":36,"column":8},"end":{"line":36,"column":55}}},"fnMap":{"0":{"name":"(anonymous_0)","decl":{"start":{"line":6,"column":23},"end":{"line":6,"column":24}},"loc":{"start":{"line":6,"column":39},"end":{"line":20,"column":1}},"line":6},"1":{"name":"(anonymous_1)","decl":{"start":{"line":23,"column":21},"end":{"line":23,"column":22}},"loc":{"start":{"line":23,"column":38},"end":{"line":38,"column":1}},"line":23}},"branchMap":{"0":{"loc":{"start":{"line":10,"column":8},"end":{"line":10,"column":87}},"type":"if","locations":[{"start":{"line":10,"column":8},"end":{"line":10,"column":87}},{"start":{},"end":{}}],"line":10},"1":{"loc":{"start":{"line":27,"column":8},"end":{"line":27,"column":80}},"type":"if","locations":[{"start":{"line":27,"column":8},"end":{"line":27,"column":80}},{"start":{},"end":{}}],"line":27},"2":{"loc":{"start":{"line":30,"column":8},"end":{"line":30,"column":83}},"type":"if","locations":[{"start":{"line":30,"column":8},"end":{"line":30,"column":83}},{"start":{},"end":{}}],"line":30}},"s":{"0":2,"1":2,"2":2,"3":2,"4":3,"5":3,"6":3,"7":3,"8":0,"9":3,"10":3,"11":3,"12":3,"13":0,"14":2,"15":5,"16":5,"17":5,"18":5,"19":3,"20":2,"21":2,"22":0,"23":2,"24":2,"25":0},"f":{"0":3,"1":5},"b":{"0":[0,3],"1":[3,2],"2":[0,2]},"_coverageSchema":"1a1c01bbd47fc00a2c39e90264f33305004495a9","hash":"062fba7067c72fbbd898d0bbd2e0584223ebca7f"}
,"D:\\workspace\\task-time-manager\\server\\models\\tasks.js": {"path":"D:\\workspace\\task-time-manager\\server\\models\\tasks.js","statementMap":{"0":{"start":{"line":1,"column":17},"end":{"line":1,"column":36}},"1":{"start":{"line":2,"column":15},"end":{"line":2,"column":30}},"2":{"start":{"line":5,"column":19},"end":{"line":58,"column":2}},"3":{"start":{"line":11,"column":16},"end":{"line":15,"column":17}},"4":{"start":{"line":12,"column":16},"end":{"line":12,"column":28}},"5":{"start":{"line":13,"column":21},"end":{"line":15,"column":17}},"6":{"start":{"line":14,"column":20},"end":{"line":14,"column":32}},"7":{"start":{"line":16,"column":16},"end":{"line":16,"column":27}},"8":{"start":{"line":19,"column":16},"end":{"line":23,"column":17}},"9":{"start":{"line":20,"column":16},"end":{"line":20,"column":84}},"10":{"start":{"line":21,"column":21},"end":{"line":23,"column":17}},"11":{"start":{"line":22,"column":20},"end":{"line":22,"column":83}},"12":{"start":{"line":36,"column":31},"end":{"line":36,"column":63}},"13":{"start":{"line":37,"column":27},"end":{"line":37,"column":45}},"14":{"start":{"line":44,"column":31},"end":{"line":44,"column":54}},"15":{"start":{"line":45,"column":27},"end":{"line":45,"column":45}},"16":{"start":{"line":60,"column":13},"end":{"line":60,"column":47}},"17":{"start":{"line":61,"column":0},"end":{"line":61,"column":22}}},"fnMap":{"0":{"name":"(anonymous_0)","decl":{"start":{"line":10,"column":23},"end":{"line":10,"column":24}},"loc":{"start":{"line":10,"column":30},"end":{"line":17,"column":13}},"line":10},"1":{"name":"(anonymous_1)","decl":{"start":{"line":18,"column":21},"end":{"line":18,"column":22}},"loc":{"start":{"line":18,"column":34},"end":{"line":24,"column":13}},"line":18},"2":{"name":"(anonymous_2)","decl":{"start":{"line":36,"column":23},"end":{"line":36,"column":24}},"loc":{"start":{"line":36,"column":31},"end":{"line":36,"column":63}},"line":36},"3":{"name":"(anonymous_3)","decl":{"start":{"line":37,"column":21},"end":{"line":37,"column":22}},"loc":{"start":{"line":37,"column":27},"end":{"line":37,"column":45}},"line":37},"4":{"name":"(anonymous_4)","decl":{"start":{"line":44,"column":23},"end":{"line":44,"column":24}},"loc":{"start":{"line":44,"column":31},"end":{"line":44,"column":54}},"line":44},"5":{"name":"(anonymous_5)","decl":{"start":{"line":45,"column":21},"end":{"line":45,"column":22}},"loc":{"start":{"line":45,"column":27},"end":{"line":45,"column":45}},"line":45}},"branchMap":{"0":{"loc":{"start":{"line":11,"column":16},"end":{"line":15,"column":17}},"type":"if","locations":[{"start":{"line":11,"column":16},"end":{"line":15,"column":17}},{"start":{"line":13,"column":21},"end":{"line":15,"column":17}}],"line":11},"1":{"loc":{"start":{"line":13,"column":21},"end":{"line":15,"column":17}},"type":"if","locations":[{"start":{"line":13,"column":21},"end":{"line":15,"column":17}},{"start":{},"end":{}}],"line":13},"2":{"loc":{"start":{"line":19,"column":16},"end":{"line":23,"column":17}},"type":"if","locations":[{"start":{"line":19,"column":16},"end":{"line":23,"column":17}},{"start":{"line":21,"column":21},"end":{"line":23,"column":17}}],"line":19},"3":{"loc":{"start":{"line":21,"column":21},"end":{"line":23,"column":17}},"type":"if","locations":[{"start":{"line":21,"column":21},"end":{"line":23,"column":17}},{"start":{},"end":{}}],"line":21},"4":{"loc":{"start":{"line":36,"column":31},"end":{"line":36,"column":63}},"type":"cond-expr","locations":[{"start":{"line":36,"column":53},"end":{"line":36,"column":58}},{"start":{"line":36,"column":59},"end":{"line":36,"column":63}}],"line":36},"5":{"loc":{"start":{"line":44,"column":31},"end":{"line":44,"column":54}},"type":"cond-expr","locations":[{"start":{"line":44,"column":44},"end":{"line":44,"column":49}},{"start":{"line":44,"column":50},"end":{"line":44,"column":54}}],"line":44}},"s":{"0":2,"1":2,"2":2,"3":7,"4":0,"5":7,"6":0,"7":7,"8":0,"9":0,"10":0,"11":0,"12":7,"13":0,"14":6,"15":0,"16":2,"17":2},"f":{"0":7,"1":0,"2":7,"3":0,"4":6,"5":0},"b":{"0":[0,7],"1":[0,7],"2":[0,0],"3":[0,0],"4":[0,7],"5":[0,6]},"_coverageSchema":"1a1c01bbd47fc00a2c39e90264f33305004495a9","hash":"2d6a6d6409e27ffa2b0e1d253f1b717865b865c6"}
,"D:\\workspace\\task-time-manager\\server\\models\\users.js": {"path":"D:\\workspace\\task-time-manager\\server\\models\\users.js","statementMap":{"0":{"start":{"line":1,"column":17},"end":{"line":1,"column":36}},"1":{"start":{"line":2,"column":15},"end":{"line":2,"column":30}},"2":{"start":{"line":5,"column":19},"end":{"line":41,"column":2}},"3":{"start":{"line":10,"column":35},"end":{"line":10,"column":63}},"4":{"start":{"line":11,"column":16},"end":{"line":11,"column":46}},"5":{"start":{"line":22,"column":12},"end":{"line":26,"column":13}},"6":{"start":{"line":23,"column":12},"end":{"line":23,"column":24}},"7":{"start":{"line":24,"column":17},"end":{"line":26,"column":13}},"8":{"start":{"line":25,"column":16},"end":{"line":25,"column":28}},"9":{"start":{"line":27,"column":12},"end":{"line":27,"column":23}},"10":{"start":{"line":30,"column":12},"end":{"line":34,"column":13}},"11":{"start":{"line":31,"column":12},"end":{"line":31,"column":83}},"12":{"start":{"line":32,"column":17},"end":{"line":34,"column":13}},"13":{"start":{"line":33,"column":16},"end":{"line":33,"column":82}},"14":{"start":{"line":44,"column":13},"end":{"line":44,"column":47}},"15":{"start":{"line":45,"column":0},"end":{"line":45,"column":22}}},"fnMap":{"0":{"name":"(anonymous_0)","decl":{"start":{"line":9,"column":23},"end":{"line":9,"column":24}},"loc":{"start":{"line":9,"column":32},"end":{"line":12,"column":13}},"line":9},"1":{"name":"(anonymous_1)","decl":{"start":{"line":21,"column":19},"end":{"line":21,"column":20}},"loc":{"start":{"line":21,"column":26},"end":{"line":28,"column":9}},"line":21},"2":{"name":"(anonymous_2)","decl":{"start":{"line":29,"column":17},"end":{"line":29,"column":18}},"loc":{"start":{"line":29,"column":30},"end":{"line":35,"column":9}},"line":29}},"branchMap":{"0":{"loc":{"start":{"line":22,"column":12},"end":{"line":26,"column":13}},"type":"if","locations":[{"start":{"line":22,"column":12},"end":{"line":26,"column":13}},{"start":{"line":24,"column":17},"end":{"line":26,"column":13}}],"line":22},"1":{"loc":{"start":{"line":24,"column":17},"end":{"line":26,"column":13}},"type":"if","locations":[{"start":{"line":24,"column":17},"end":{"line":26,"column":13}},{"start":{},"end":{}}],"line":24},"2":{"loc":{"start":{"line":30,"column":12},"end":{"line":34,"column":13}},"type":"if","locations":[{"start":{"line":30,"column":12},"end":{"line":34,"column":13}},{"start":{"line":32,"column":17},"end":{"line":34,"column":13}}],"line":30},"3":{"loc":{"start":{"line":32,"column":17},"end":{"line":34,"column":13}},"type":"if","locations":[{"start":{"line":32,"column":17},"end":{"line":34,"column":13}},{"start":{},"end":{}}],"line":32}},"s":{"0":2,"1":2,"2":2,"3":3,"4":3,"5":0,"6":0,"7":0,"8":0,"9":0,"10":0,"11":0,"12":0,"13":0,"14":2,"15":2},"f":{"0":3,"1":0,"2":0},"b":{"0":[0,0],"1":[0,0],"2":[0,0],"3":[0,0]},"_coverageSchema":"1a1c01bbd47fc00a2c39e90264f33305004495a9","hash":"6666592c343400620fc0603f33a79b91114000ce"}
,"D:\\workspace\\task-time-manager\\server\\routes\\authenticationToken.js": {"path":"D:\\workspace\\task-time-manager\\server\\routes\\authenticationToken.js","statementMap":{"0":{"start":{"line":1,"column":12},"end":{"line":1,"column":35}},"1":{"start":{"line":4,"column":26},"end":{"line":15,"column":1}},"2":{"start":{"line":5,"column":23},"end":{"line":5,"column":51}},"3":{"start":{"line":6,"column":18},"end":{"line":6,"column":56}},"4":{"start":{"line":8,"column":4},"end":{"line":8,"column":81}},"5":{"start":{"line":8,"column":16},"end":{"line":8,"column":81}},"6":{"start":{"line":10,"column":4},"end":{"line":14,"column":7}},"7":{"start":{"line":11,"column":8},"end":{"line":11,"column":83}},"8":{"start":{"line":11,"column":17},"end":{"line":11,"column":83}},"9":{"start":{"line":12,"column":8},"end":{"line":12,"column":24}},"10":{"start":{"line":13,"column":8},"end":{"line":13,"column":15}},"11":{"start":{"line":17,"column":0},"end":{"line":17,"column":35}}},"fnMap":{"0":{"name":"(anonymous_0)","decl":{"start":{"line":4,"column":26},"end":{"line":4,"column":27}},"loc":{"start":{"line":4,"column":46},"end":{"line":15,"column":1}},"line":4},"1":{"name":"(anonymous_1)","decl":{"start":{"line":10,"column":55},"end":{"line":10,"column":56}},"loc":{"start":{"line":10,"column":70},"end":{"line":14,"column":5}},"line":10}},"branchMap":{"0":{"loc":{"start":{"line":6,"column":18},"end":{"line":6,"column":56}},"type":"binary-expr","locations":[{"start":{"line":6,"column":18},"end":{"line":6,"column":28}},{"start":{"line":6,"column":32},"end":{"line":6,"column":56}}],"line":6},"1":{"loc":{"start":{"line":8,"column":4},"end":{"line":8,"column":81}},"type":"if","locations":[{"start":{"line":8,"column":4},"end":{"line":8,"column":81}},{"start":{},"end":{}}],"line":8},"2":{"loc":{"start":{"line":11,"column":8},"end":{"line":11,"column":83}},"type":"if","locations":[{"start":{"line":11,"column":8},"end":{"line":11,"column":83}},{"start":{},"end":{}}],"line":11}},"s":{"0":2,"1":2,"2":20,"3":20,"4":20,"5":1,"6":19,"7":19,"8":1,"9":18,"10":18,"11":2},"f":{"0":20,"1":19},"b":{"0":[20,19],"1":[1,19],"2":[1,18]},"_coverageSchema":"1a1c01bbd47fc00a2c39e90264f33305004495a9","hash":"11783c045f752ff6fa3fb9accb1ff3568af46a2e"}
,"D:\\workspace\\task-time-manager\\server\\routes\\index.js": {"path":"D:\\workspace\\task-time-manager\\server\\routes\\index.js","statementMap":{"0":{"start":{"line":2,"column":16},"end":{"line":2,"column":34}},"1":{"start":{"line":3,"column":15},"end":{"line":3,"column":31}},"2":{"start":{"line":5,"column":26},"end":{"line":5,"column":66}},"3":{"start":{"line":6,"column":23},"end":{"line":6,"column":65}},"4":{"start":{"line":7,"column":23},"end":{"line":7,"column":65}},"5":{"start":{"line":9,"column":0},"end":{"line":9,"column":53}},"6":{"start":{"line":10,"column":0},"end":{"line":10,"column":48}},"7":{"start":{"line":13,"column":0},"end":{"line":13,"column":67}},"8":{"start":{"line":14,"column":0},"end":{"line":14,"column":68}},"9":{"start":{"line":15,"column":0},"end":{"line":15,"column":75}},"10":{"start":{"line":16,"column":0},"end":{"line":16,"column":71}},"11":{"start":{"line":17,"column":0},"end":{"line":17,"column":76}},"12":{"start":{"line":18,"column":0},"end":{"line":18,"column":90}},"13":{"start":{"line":22,"column":0},"end":{"line":22,"column":24}}},"fnMap":{},"branchMap":{},"s":{"0":2,"1":2,"2":2,"3":2,"4":2,"5":2,"6":2,"7":2,"8":2,"9":2,"10":2,"11":2,"12":2,"13":2},"f":{},"b":{},"_coverageSchema":"1a1c01bbd47fc00a2c39e90264f33305004495a9","hash":"9313c2d8ec1ac93ac86946ec0c2135f4a7a5e188"}
}
