{"D:\\workspace\\task-time-manager\\server\\index.js": {"path":"D:\\workspace\\task-time-manager\\server\\index.js","statementMap":{"0":{"start":{"line":1,"column":0},"end":{"line":1,"column":27}},"1":{"start":{"line":2,"column":16},"end":{"line":2,"column":34}},"2":{"start":{"line":3,"column":17},"end":{"line":3,"column":36}},"3":{"start":{"line":4,"column":19},"end":{"line":4,"column":41}},"4":{"start":{"line":5,"column":15},"end":{"line":5,"column":40}},"5":{"start":{"line":8,"column":12},"end":{"line":8,"column":21}},"6":{"start":{"line":12,"column":0},"end":{"line":12,"column":27}},"7":{"start":{"line":15,"column":0},"end":{"line":15,"column":21}},"8":{"start":{"line":18,"column":0},"end":{"line":28,"column":36}},"9":{"start":{"line":22,"column":2},"end":{"line":22,"column":35}},"10":{"start":{"line":24,"column":15},"end":{"line":24,"column":39}},"11":{"start":{"line":25,"column":2},"end":{"line":27,"column":5}},"12":{"start":{"line":26,"column":4},"end":{"line":26,"column":50}},"13":{"start":{"line":28,"column":16},"end":{"line":28,"column":34}},"14":{"start":{"line":31,"column":0},"end":{"line":31,"column":21}}},"fnMap":{"0":{"name":"(anonymous_0)","decl":{"start":{"line":21,"column":8},"end":{"line":21,"column":9}},"loc":{"start":{"line":21,"column":14},"end":{"line":28,"column":1}},"line":21},"1":{"name":"(anonymous_1)","decl":{"start":{"line":25,"column":19},"end":{"line":25,"column":20}},"loc":{"start":{"line":25,"column":25},"end":{"line":27,"column":3}},"line":25},"2":{"name":"(anonymous_2)","decl":{"start":{"line":28,"column":9},"end":{"line":28,"column":10}},"loc":{"start":{"line":28,"column":16},"end":{"line":28,"column":34}},"line":28}},"branchMap":{"0":{"loc":{"start":{"line":24,"column":15},"end":{"line":24,"column":39}},"type":"binary-expr","locations":[{"start":{"line":24,"column":15},"end":{"line":24,"column":31}},{"start":{"line":24,"column":35},"end":{"line":24,"column":39}}],"line":24}},"s":{"0":2,"1":2,"2":2,"3":2,"4":2,"5":2,"6":2,"7":2,"8":2,"9":2,"10":2,"11":2,"12":1,"13":0,"14":2},"f":{"0":2,"1":1,"2":0},"b":{"0":[2,0]},"_coverageSchema":"1a1c01bbd47fc00a2c39e90264f33305004495a9","hash":"2cb6928fe266332b27f8863548c17cdb493616be"}
,"D:\\workspace\\task-time-manager\\server\\controllers\\tasksControllers.js": {"path":"D:\\workspace\\task-time-manager\\server\\controllers\\tasksControllers.js","statementMap":{"0":{"start":{"line":1,"column":12},"end":{"line":1,"column":35}},"1":{"start":{"line":2,"column":13},"end":{"line":2,"column":39}},"2":{"start":{"line":4,"column":0},"end":{"line":60,"column":2}},"3":{"start":{"line":5,"column":4},"end":{"line":59,"column":5}},"4":{"start":{"line":6,"column":74},"end":{"line":6,"column":82}},"5":{"start":{"line":9,"column":22},"end":{"line":9,"column":61}},"6":{"start":{"line":10,"column":24},"end":{"line":10,"column":74}},"7":{"start":{"line":11,"column":23},"end":{"line":11,"column":37}},"8":{"start":{"line":14,"column":8},"end":{"line":16,"column":9}},"9":{"start":{"line":15,"column":12},"end":{"line":15,"column":74}},"10":{"start":{"line":17,"column":8},"end":{"line":19,"column":9}},"11":{"start":{"line":18,"column":12},"end":{"line":18,"column":105}},"12":{"start":{"line":22,"column":8},"end":{"line":24,"column":9}},"13":{"start":{"line":23,"column":12},"end":{"line":23,"column":77}},"14":{"start":{"line":25,"column":30},"end":{"line":25,"column":47}},"15":{"start":{"line":26,"column":8},"end":{"line":28,"column":9}},"16":{"start":{"line":27,"column":12},"end":{"line":27,"column":76}},"17":{"start":{"line":29,"column":8},"end":{"line":31,"column":9}},"18":{"start":{"line":30,"column":12},"end":{"line":30,"column":87}},"19":{"start":{"line":34,"column":8},"end":{"line":36,"column":9}},"20":{"start":{"line":35,"column":12},"end":{"line":35,"column":73}},"21":{"start":{"line":39,"column":21},"end":{"line":47,"column":10}},"22":{"start":{"line":49,"column":8},"end":{"line":49,"column":26}},"23":{"start":{"line":50,"column":8},"end":{"line":53,"column":11}},"24":{"start":{"line":55,"column":8},"end":{"line":58,"column":11}}},"fnMap":{"0":{"name":"(anonymous_0)","decl":{"start":{"line":4,"column":21},"end":{"line":4,"column":22}},"loc":{"start":{"line":4,"column":41},"end":{"line":60,"column":1}},"line":4}},"branchMap":{"0":{"loc":{"start":{"line":14,"column":8},"end":{"line":16,"column":9}},"type":"if","locations":[{"start":{"line":14,"column":8},"end":{"line":16,"column":9}},{"start":{},"end":{}}],"line":14},"1":{"loc":{"start":{"line":17,"column":8},"end":{"line":19,"column":9}},"type":"if","locations":[{"start":{"line":17,"column":8},"end":{"line":19,"column":9}},{"start":{},"end":{}}],"line":17},"2":{"loc":{"start":{"line":17,"column":12},"end":{"line":17,"column":49}},"type":"binary-expr","locations":[{"start":{"line":17,"column":12},"end":{"line":17,"column":28}},{"start":{"line":17,"column":32},"end":{"line":17,"column":49}}],"line":17},"3":{"loc":{"start":{"line":22,"column":8},"end":{"line":24,"column":9}},"type":"if","locations":[{"start":{"line":22,"column":8},"end":{"line":24,"column":9}},{"start":{},"end":{}}],"line":22},"4":{"loc":{"start":{"line":26,"column":8},"end":{"line":28,"column":9}},"type":"if","locations":[{"start":{"line":26,"column":8},"end":{"line":28,"column":9}},{"start":{},"end":{}}],"line":26},"5":{"loc":{"start":{"line":29,"column":8},"end":{"line":31,"column":9}},"type":"if","locations":[{"start":{"line":29,"column":8},"end":{"line":31,"column":9}},{"start":{},"end":{}}],"line":29},"6":{"loc":{"start":{"line":34,"column":8},"end":{"line":36,"column":9}},"type":"if","locations":[{"start":{"line":34,"column":8},"end":{"line":36,"column":9}},{"start":{},"end":{}}],"line":34}},"s":{"0":2,"1":2,"2":2,"3":3,"4":3,"5":3,"6":3,"7":3,"8":3,"9":1,"10":2,"11":0,"12":2,"13":0,"14":2,"15":2,"16":0,"17":2,"18":1,"19":1,"20":0,"21":1,"22":1,"23":1,"24":0},"f":{"0":3},"b":{"0":[1,2],"1":[0,2],"2":[2,2],"3":[0,2],"4":[0,2],"5":[1,1],"6":[0,1]},"_coverageSchema":"1a1c01bbd47fc00a2c39e90264f33305004495a9","hash":"2f0867e0cfc671de45087db89e046c980ebac87e"}
,"D:\\workspace\\task-time-manager\\server\\controllers\\usersControllers.js": {"path":"D:\\workspace\\task-time-manager\\server\\controllers\\usersControllers.js","statementMap":{"0":{"start":{"line":1,"column":15},"end":{"line":1,"column":34}},"1":{"start":{"line":2,"column":12},"end":{"line":2,"column":35}},"2":{"start":{"line":3,"column":13},"end":{"line":3,"column":42}},"3":{"start":{"line":6,"column":21},"end":{"line":20,"column":1}},"4":{"start":{"line":7,"column":28},"end":{"line":7,"column":36}},"5":{"start":{"line":8,"column":4},"end":{"line":19,"column":5}},"6":{"start":{"line":9,"column":29},"end":{"line":9,"column":56}},"7":{"start":{"line":10,"column":8},"end":{"line":10,"column":87}},"8":{"start":{"line":10,"column":25},"end":{"line":10,"column":87}},"9":{"start":{"line":12,"column":31},"end":{"line":12,"column":61}},"10":{"start":{"line":13,"column":21},"end":{"line":13,"column":63}},"11":{"start":{"line":14,"column":8},"end":{"line":14,"column":26}},"12":{"start":{"line":15,"column":8},"end":{"line":15,"column":68}},"13":{"start":{"line":18,"column":8},"end":{"line":18,"column":55}},"14":{"start":{"line":23,"column":18},"end":{"line":38,"column":1}},"15":{"start":{"line":24,"column":28},"end":{"line":24,"column":36}},"16":{"start":{"line":25,"column":4},"end":{"line":37,"column":5}},"17":{"start":{"line":26,"column":21},"end":{"line":26,"column":48}},"18":{"start":{"line":27,"column":8},"end":{"line":27,"column":80}},"19":{"start":{"line":27,"column":18},"end":{"line":27,"column":80}},"20":{"start":{"line":29,"column":24},"end":{"line":29,"column":70}},"21":{"start":{"line":30,"column":8},"end":{"line":30,"column":83}},"22":{"start":{"line":30,"column":21},"end":{"line":30,"column":83}},"23":{"start":{"line":32,"column":22},"end":{"line":32,"column":117}},"24":{"start":{"line":33,"column":8},"end":{"line":33,"column":38}},"25":{"start":{"line":36,"column":8},"end":{"line":36,"column":55}},"26":{"start":{"line":40,"column":0},"end":{"line":40,"column":43}}},"fnMap":{"0":{"name":"(anonymous_0)","decl":{"start":{"line":6,"column":21},"end":{"line":6,"column":22}},"loc":{"start":{"line":6,"column":37},"end":{"line":20,"column":1}},"line":6},"1":{"name":"(anonymous_1)","decl":{"start":{"line":23,"column":18},"end":{"line":23,"column":19}},"loc":{"start":{"line":23,"column":35},"end":{"line":38,"column":1}},"line":23}},"branchMap":{"0":{"loc":{"start":{"line":10,"column":8},"end":{"line":10,"column":87}},"type":"if","locations":[{"start":{"line":10,"column":8},"end":{"line":10,"column":87}},{"start":{},"end":{}}],"line":10},"1":{"loc":{"start":{"line":27,"column":8},"end":{"line":27,"column":80}},"type":"if","locations":[{"start":{"line":27,"column":8},"end":{"line":27,"column":80}},{"start":{},"end":{}}],"line":27},"2":{"loc":{"start":{"line":30,"column":8},"end":{"line":30,"column":83}},"type":"if","locations":[{"start":{"line":30,"column":8},"end":{"line":30,"column":83}},{"start":{},"end":{}}],"line":30}},"s":{"0":2,"1":2,"2":2,"3":2,"4":3,"5":3,"6":3,"7":3,"8":0,"9":3,"10":3,"11":3,"12":3,"13":0,"14":2,"15":5,"16":5,"17":5,"18":5,"19":3,"20":2,"21":2,"22":0,"23":2,"24":2,"25":0,"26":2},"f":{"0":3,"1":5},"b":{"0":[0,3],"1":[3,2],"2":[0,2]},"_coverageSchema":"1a1c01bbd47fc00a2c39e90264f33305004495a9","hash":"9d9641377384c11d31cce754c6f62001a7ecfd51"}
,"D:\\workspace\\task-time-manager\\server\\models\\tasks.js": {"path":"D:\\workspace\\task-time-manager\\server\\models\\tasks.js","statementMap":{"0":{"start":{"line":1,"column":17},"end":{"line":1,"column":36}},"1":{"start":{"line":2,"column":15},"end":{"line":2,"column":30}},"2":{"start":{"line":5,"column":19},"end":{"line":63,"column":2}},"3":{"start":{"line":11,"column":16},"end":{"line":15,"column":17}},"4":{"start":{"line":12,"column":16},"end":{"line":12,"column":28}},"5":{"start":{"line":13,"column":21},"end":{"line":15,"column":17}},"6":{"start":{"line":14,"column":20},"end":{"line":14,"column":32}},"7":{"start":{"line":16,"column":16},"end":{"line":16,"column":27}},"8":{"start":{"line":19,"column":16},"end":{"line":23,"column":17}},"9":{"start":{"line":20,"column":16},"end":{"line":20,"column":84}},"10":{"start":{"line":21,"column":21},"end":{"line":23,"column":17}},"11":{"start":{"line":22,"column":20},"end":{"line":22,"column":83}},"12":{"start":{"line":36,"column":31},"end":{"line":36,"column":63}},"13":{"start":{"line":37,"column":27},"end":{"line":37,"column":45}},"14":{"start":{"line":44,"column":31},"end":{"line":44,"column":54}},"15":{"start":{"line":45,"column":27},"end":{"line":45,"column":45}},"16":{"start":{"line":65,"column":13},"end":{"line":65,"column":47}},"17":{"start":{"line":66,"column":0},"end":{"line":66,"column":22}}},"fnMap":{"0":{"name":"(anonymous_0)","decl":{"start":{"line":10,"column":23},"end":{"line":10,"column":24}},"loc":{"start":{"line":10,"column":30},"end":{"line":17,"column":13}},"line":10},"1":{"name":"(anonymous_1)","decl":{"start":{"line":18,"column":21},"end":{"line":18,"column":22}},"loc":{"start":{"line":18,"column":34},"end":{"line":24,"column":13}},"line":18},"2":{"name":"(anonymous_2)","decl":{"start":{"line":36,"column":23},"end":{"line":36,"column":24}},"loc":{"start":{"line":36,"column":31},"end":{"line":36,"column":63}},"line":36},"3":{"name":"(anonymous_3)","decl":{"start":{"line":37,"column":21},"end":{"line":37,"column":22}},"loc":{"start":{"line":37,"column":27},"end":{"line":37,"column":45}},"line":37},"4":{"name":"(anonymous_4)","decl":{"start":{"line":44,"column":23},"end":{"line":44,"column":24}},"loc":{"start":{"line":44,"column":31},"end":{"line":44,"column":54}},"line":44},"5":{"name":"(anonymous_5)","decl":{"start":{"line":45,"column":21},"end":{"line":45,"column":22}},"loc":{"start":{"line":45,"column":27},"end":{"line":45,"column":45}},"line":45}},"branchMap":{"0":{"loc":{"start":{"line":11,"column":16},"end":{"line":15,"column":17}},"type":"if","locations":[{"start":{"line":11,"column":16},"end":{"line":15,"column":17}},{"start":{"line":13,"column":21},"end":{"line":15,"column":17}}],"line":11},"1":{"loc":{"start":{"line":13,"column":21},"end":{"line":15,"column":17}},"type":"if","locations":[{"start":{"line":13,"column":21},"end":{"line":15,"column":17}},{"start":{},"end":{}}],"line":13},"2":{"loc":{"start":{"line":19,"column":16},"end":{"line":23,"column":17}},"type":"if","locations":[{"start":{"line":19,"column":16},"end":{"line":23,"column":17}},{"start":{"line":21,"column":21},"end":{"line":23,"column":17}}],"line":19},"3":{"loc":{"start":{"line":21,"column":21},"end":{"line":23,"column":17}},"type":"if","locations":[{"start":{"line":21,"column":21},"end":{"line":23,"column":17}},{"start":{},"end":{}}],"line":21},"4":{"loc":{"start":{"line":36,"column":31},"end":{"line":36,"column":63}},"type":"cond-expr","locations":[{"start":{"line":36,"column":53},"end":{"line":36,"column":58}},{"start":{"line":36,"column":59},"end":{"line":36,"column":63}}],"line":36},"5":{"loc":{"start":{"line":44,"column":31},"end":{"line":44,"column":54}},"type":"cond-expr","locations":[{"start":{"line":44,"column":44},"end":{"line":44,"column":49}},{"start":{"line":44,"column":50},"end":{"line":44,"column":54}}],"line":44}},"s":{"0":2,"1":2,"2":2,"3":1,"4":0,"5":1,"6":0,"7":1,"8":0,"9":0,"10":0,"11":0,"12":1,"13":0,"14":1,"15":0,"16":2,"17":2},"f":{"0":1,"1":0,"2":1,"3":0,"4":1,"5":0},"b":{"0":[0,1],"1":[0,1],"2":[0,0],"3":[0,0],"4":[0,1],"5":[0,1]},"_coverageSchema":"1a1c01bbd47fc00a2c39e90264f33305004495a9","hash":"69524ec74295b4b5db94019ea2e9d2d3b656a6dc"}
,"D:\\workspace\\task-time-manager\\server\\models\\users.js": {"path":"D:\\workspace\\task-time-manager\\server\\models\\users.js","statementMap":{"0":{"start":{"line":1,"column":17},"end":{"line":1,"column":36}},"1":{"start":{"line":2,"column":15},"end":{"line":2,"column":30}},"2":{"start":{"line":5,"column":19},"end":{"line":41,"column":2}},"3":{"start":{"line":10,"column":35},"end":{"line":10,"column":63}},"4":{"start":{"line":11,"column":16},"end":{"line":11,"column":46}},"5":{"start":{"line":22,"column":12},"end":{"line":26,"column":13}},"6":{"start":{"line":23,"column":12},"end":{"line":23,"column":24}},"7":{"start":{"line":24,"column":17},"end":{"line":26,"column":13}},"8":{"start":{"line":25,"column":16},"end":{"line":25,"column":28}},"9":{"start":{"line":27,"column":12},"end":{"line":27,"column":23}},"10":{"start":{"line":30,"column":12},"end":{"line":34,"column":13}},"11":{"start":{"line":31,"column":12},"end":{"line":31,"column":83}},"12":{"start":{"line":32,"column":17},"end":{"line":34,"column":13}},"13":{"start":{"line":33,"column":16},"end":{"line":33,"column":82}},"14":{"start":{"line":44,"column":13},"end":{"line":44,"column":47}},"15":{"start":{"line":45,"column":0},"end":{"line":45,"column":22}}},"fnMap":{"0":{"name":"(anonymous_0)","decl":{"start":{"line":9,"column":23},"end":{"line":9,"column":24}},"loc":{"start":{"line":9,"column":32},"end":{"line":12,"column":13}},"line":9},"1":{"name":"(anonymous_1)","decl":{"start":{"line":21,"column":19},"end":{"line":21,"column":20}},"loc":{"start":{"line":21,"column":26},"end":{"line":28,"column":9}},"line":21},"2":{"name":"(anonymous_2)","decl":{"start":{"line":29,"column":17},"end":{"line":29,"column":18}},"loc":{"start":{"line":29,"column":30},"end":{"line":35,"column":9}},"line":29}},"branchMap":{"0":{"loc":{"start":{"line":22,"column":12},"end":{"line":26,"column":13}},"type":"if","locations":[{"start":{"line":22,"column":12},"end":{"line":26,"column":13}},{"start":{"line":24,"column":17},"end":{"line":26,"column":13}}],"line":22},"1":{"loc":{"start":{"line":24,"column":17},"end":{"line":26,"column":13}},"type":"if","locations":[{"start":{"line":24,"column":17},"end":{"line":26,"column":13}},{"start":{},"end":{}}],"line":24},"2":{"loc":{"start":{"line":30,"column":12},"end":{"line":34,"column":13}},"type":"if","locations":[{"start":{"line":30,"column":12},"end":{"line":34,"column":13}},{"start":{"line":32,"column":17},"end":{"line":34,"column":13}}],"line":30},"3":{"loc":{"start":{"line":32,"column":17},"end":{"line":34,"column":13}},"type":"if","locations":[{"start":{"line":32,"column":17},"end":{"line":34,"column":13}},{"start":{},"end":{}}],"line":32}},"s":{"0":2,"1":2,"2":2,"3":3,"4":3,"5":0,"6":0,"7":0,"8":0,"9":0,"10":0,"11":0,"12":0,"13":0,"14":2,"15":2},"f":{"0":3,"1":0,"2":0},"b":{"0":[0,0],"1":[0,0],"2":[0,0],"3":[0,0]},"_coverageSchema":"1a1c01bbd47fc00a2c39e90264f33305004495a9","hash":"6666592c343400620fc0603f33a79b91114000ce"}
,"D:\\workspace\\task-time-manager\\server\\routes\\authenticationToken.js": {"path":"D:\\workspace\\task-time-manager\\server\\routes\\authenticationToken.js","statementMap":{"0":{"start":{"line":1,"column":12},"end":{"line":1,"column":35}},"1":{"start":{"line":4,"column":26},"end":{"line":15,"column":1}},"2":{"start":{"line":5,"column":23},"end":{"line":5,"column":51}},"3":{"start":{"line":6,"column":18},"end":{"line":6,"column":56}},"4":{"start":{"line":8,"column":4},"end":{"line":8,"column":43}},"5":{"start":{"line":8,"column":16},"end":{"line":8,"column":43}},"6":{"start":{"line":10,"column":4},"end":{"line":14,"column":7}},"7":{"start":{"line":11,"column":8},"end":{"line":11,"column":44}},"8":{"start":{"line":11,"column":17},"end":{"line":11,"column":44}},"9":{"start":{"line":12,"column":8},"end":{"line":12,"column":24}},"10":{"start":{"line":13,"column":8},"end":{"line":13,"column":15}},"11":{"start":{"line":17,"column":0},"end":{"line":17,"column":35}}},"fnMap":{"0":{"name":"(anonymous_0)","decl":{"start":{"line":4,"column":26},"end":{"line":4,"column":27}},"loc":{"start":{"line":4,"column":46},"end":{"line":15,"column":1}},"line":4},"1":{"name":"(anonymous_1)","decl":{"start":{"line":10,"column":55},"end":{"line":10,"column":56}},"loc":{"start":{"line":10,"column":70},"end":{"line":14,"column":5}},"line":10}},"branchMap":{"0":{"loc":{"start":{"line":6,"column":18},"end":{"line":6,"column":56}},"type":"binary-expr","locations":[{"start":{"line":6,"column":18},"end":{"line":6,"column":28}},{"start":{"line":6,"column":32},"end":{"line":6,"column":56}}],"line":6},"1":{"loc":{"start":{"line":8,"column":4},"end":{"line":8,"column":43}},"type":"if","locations":[{"start":{"line":8,"column":4},"end":{"line":8,"column":43}},{"start":{},"end":{}}],"line":8},"2":{"loc":{"start":{"line":11,"column":8},"end":{"line":11,"column":44}},"type":"if","locations":[{"start":{"line":11,"column":8},"end":{"line":11,"column":44}},{"start":{},"end":{}}],"line":11}},"s":{"0":2,"1":2,"2":3,"3":3,"4":3,"5":0,"6":3,"7":3,"8":0,"9":3,"10":3,"11":2},"f":{"0":3,"1":3},"b":{"0":[3,3],"1":[0,3],"2":[0,3]},"_coverageSchema":"1a1c01bbd47fc00a2c39e90264f33305004495a9","hash":"c619ec93b7be1ee141dea3794a0a49a4f42d69b7"}
,"D:\\workspace\\task-time-manager\\server\\routes\\index.js": {"path":"D:\\workspace\\task-time-manager\\server\\routes\\index.js","statementMap":{"0":{"start":{"line":2,"column":16},"end":{"line":2,"column":34}},"1":{"start":{"line":3,"column":15},"end":{"line":3,"column":31}},"2":{"start":{"line":5,"column":26},"end":{"line":5,"column":66}},"3":{"start":{"line":6,"column":23},"end":{"line":6,"column":65}},"4":{"start":{"line":7,"column":23},"end":{"line":7,"column":65}},"5":{"start":{"line":9,"column":0},"end":{"line":9,"column":53}},"6":{"start":{"line":10,"column":0},"end":{"line":10,"column":48}},"7":{"start":{"line":12,"column":0},"end":{"line":12,"column":67}},"8":{"start":{"line":14,"column":0},"end":{"line":14,"column":24}}},"fnMap":{},"branchMap":{},"s":{"0":2,"1":2,"2":2,"3":2,"4":2,"5":2,"6":2,"7":2,"8":2},"f":{},"b":{},"_coverageSchema":"1a1c01bbd47fc00a2c39e90264f33305004495a9","hash":"c8765b0be0d9a079272dc6d0fa9dd78a7ded218d"}
}
