TN:
SF:index.js
FN:21,(anonymous_0)
FN:25,(anonymous_1)
FN:28,(anonymous_2)
FNF:3
FNH:2
FNDA:2,(anonymous_0)
FNDA:1,(anonymous_1)
FNDA:0,(anonymous_2)
DA:1,2
DA:2,2
DA:3,2
DA:4,2
DA:5,2
DA:8,2
DA:12,2
DA:15,2
DA:18,2
DA:22,2
DA:24,2
DA:25,2
DA:26,1
DA:28,0
DA:31,2
LF:15
LH:14
BRDA:24,0,0,2
BRDA:24,0,1,0
BRF:2
BRH:1
end_of_record
TN:
SF:controllers\tasksControllers.js
FN:5,(anonymous_0)
FN:66,(anonymous_1)
FN:105,(anonymous_2)
FN:118,(anonymous_3)
FNF:4
FNH:4
FNDA:7,(anonymous_0)
FNDA:2,(anonymous_1)
FNDA:3,(anonymous_2)
FNDA:2,(anonymous_3)
DA:1,2
DA:2,2
DA:5,2
DA:6,7
DA:7,7
DA:10,7
DA:11,7
DA:12,7
DA:15,7
DA:16,1
DA:18,6
DA:19,0
DA:23,6
DA:24,0
DA:26,6
DA:27,6
DA:28,0
DA:30,6
DA:31,1
DA:35,5
DA:36,0
DA:40,5
DA:51,5
DA:52,5
DA:57,0
DA:66,2
DA:67,2
DA:68,2
DA:69,2
DA:72,2
DA:73,2
DA:74,2
DA:77,2
DA:78,0
DA:80,2
DA:81,0
DA:85,2
DA:86,1
DA:90,1
DA:96,1
DA:97,1
DA:100,0
DA:105,2
DA:106,3
DA:107,3
DA:108,3
DA:109,3
DA:110,2
DA:113,0
DA:118,2
DA:119,2
DA:120,2
DA:121,2
DA:123,2
DA:124,2
DA:126,1
DA:127,1
DA:128,1
DA:131,0
LF:59
LH:49
BRDA:15,0,0,1
BRDA:15,0,1,6
BRDA:18,1,0,0
BRDA:18,1,1,6
BRDA:18,2,0,6
BRDA:18,2,1,6
BRDA:23,3,0,0
BRDA:23,3,1,6
BRDA:27,4,0,0
BRDA:27,4,1,6
BRDA:30,5,0,1
BRDA:30,5,1,5
BRDA:35,6,0,0
BRDA:35,6,1,5
BRDA:47,7,0,1
BRDA:47,7,1,4
BRDA:77,8,0,0
BRDA:77,8,1,2
BRDA:80,9,0,0
BRDA:80,9,1,2
BRDA:80,10,0,2
BRDA:80,10,1,2
BRDA:85,11,0,1
BRDA:85,11,1,1
BRDA:96,12,0,0
BRDA:96,12,1,1
BRDA:109,13,0,1
BRDA:109,13,1,2
BRDA:123,14,0,0
BRDA:123,14,1,2
BRDA:124,15,0,1
BRDA:124,15,1,1
BRF:32
BRH:24
end_of_record
TN:
SF:controllers\usersControllers.js
FN:6,(anonymous_0)
FN:23,(anonymous_1)
FNF:2
FNH:2
FNDA:3,(anonymous_0)
FNDA:5,(anonymous_1)
DA:1,2
DA:2,2
DA:3,2
DA:6,2
DA:7,3
DA:8,3
DA:9,3
DA:10,3
DA:12,3
DA:13,3
DA:14,3
DA:15,3
DA:18,0
DA:23,2
DA:24,5
DA:25,5
DA:26,5
DA:27,5
DA:29,2
DA:30,2
DA:32,2
DA:33,2
DA:36,0
LF:23
LH:21
BRDA:10,0,0,0
BRDA:10,0,1,3
BRDA:27,1,0,3
BRDA:27,1,1,2
BRDA:30,2,0,0
BRDA:30,2,1,2
BRF:6
BRH:4
end_of_record
TN:
SF:models\tasks.js
FN:10,(anonymous_0)
FN:18,(anonymous_1)
FN:36,(anonymous_2)
FN:37,(anonymous_3)
FN:44,(anonymous_4)
FN:45,(anonymous_5)
FNF:6
FNH:3
FNDA:7,(anonymous_0)
FNDA:0,(anonymous_1)
FNDA:7,(anonymous_2)
FNDA:0,(anonymous_3)
FNDA:6,(anonymous_4)
FNDA:0,(anonymous_5)
DA:1,2
DA:2,2
DA:5,2
DA:11,7
DA:12,0
DA:13,7
DA:14,0
DA:16,7
DA:19,0
DA:20,0
DA:21,0
DA:22,0
DA:36,7
DA:37,0
DA:44,6
DA:45,0
DA:60,2
DA:61,2
LF:18
LH:10
BRDA:11,0,0,0
BRDA:11,0,1,7
BRDA:13,1,0,0
BRDA:13,1,1,7
BRDA:19,2,0,0
BRDA:19,2,1,0
BRDA:21,3,0,0
BRDA:21,3,1,0
BRDA:36,4,0,0
BRDA:36,4,1,7
BRDA:44,5,0,0
BRDA:44,5,1,6
BRF:12
BRH:4
end_of_record
TN:
SF:models\users.js
FN:9,(anonymous_0)
FN:21,(anonymous_1)
FN:29,(anonymous_2)
FNF:3
FNH:1
FNDA:3,(anonymous_0)
FNDA:0,(anonymous_1)
FNDA:0,(anonymous_2)
DA:1,2
DA:2,2
DA:5,2
DA:10,3
DA:11,3
DA:22,0
DA:23,0
DA:24,0
DA:25,0
DA:27,0
DA:30,0
DA:31,0
DA:32,0
DA:33,0
DA:44,2
DA:45,2
LF:16
LH:7
BRDA:22,0,0,0
BRDA:22,0,1,0
BRDA:24,1,0,0
BRDA:24,1,1,0
BRDA:30,2,0,0
BRDA:30,2,1,0
BRDA:32,3,0,0
BRDA:32,3,1,0
BRF:8
BRH:0
end_of_record
TN:
SF:routes\authenticationToken.js
FN:4,(anonymous_0)
FN:10,(anonymous_1)
FNF:2
FNH:2
FNDA:14,(anonymous_0)
FNDA:14,(anonymous_1)
DA:1,2
DA:4,2
DA:5,14
DA:6,14
DA:8,14
DA:10,14
DA:11,14
DA:12,14
DA:13,14
DA:17,2
LF:10
LH:10
BRDA:6,0,0,14
BRDA:6,0,1,14
BRDA:8,1,0,0
BRDA:8,1,1,14
BRDA:11,2,0,0
BRDA:11,2,1,14
BRF:6
BRH:4
end_of_record
TN:
SF:routes\index.js
FNF:0
FNH:0
DA:2,2
DA:3,2
DA:5,2
DA:6,2
DA:7,2
DA:9,2
DA:10,2
DA:13,2
DA:16,2
DA:17,2
DA:18,2
DA:22,2
LF:12
LH:12
BRF:0
BRH:0
end_of_record
